<?xml version="1.0" encoding="UTF-8"?>
<mime-info xmlns="http://www.freedesktop.org/standards/shared-mime-info">
    <mime-type type="application/zzz">
        <glob-deleteall/>
        <glob pattern="*.zzz"/>
    </mime-type>
</mime-info>
